<?xml version="1.0" encoding="UTF-8"?>
<!-- Generated by org.testng.reporters.JUnitXMLReporter -->
<testsuite ignored="0" hostname="CHANDU" failures="0" tests="3" name="Default test" time="1.287" errors="0" timestamp="2024-09-19T17:51:01 IST">
  <testcase classname="day44.LoginTest" name="loginByEmail" time="0.942"/>
  <testcase classname="day44.LoginTest" name="loginByFacebook" time="0.007"/>
  <testcase classname="day44.LoginTest" name="loginBytwitter" time="0.007"/>
</testsuite> <!-- Default test -->
