<?xml version="1.0" encoding="UTF-8"?>
<!-- Generated by org.testng.reporters.JUnitXMLReporter -->
<testsuite ignored="0" hostname="CHANDU" failures="0" tests="3" name="Default test" time="1.172" errors="0" timestamp="2024-09-20T12:38:39 IST">
  <testcase classname="day44.LoginTest" name="loginByEmail" time="0.179"/>
  <testcase classname="day44.LoginTest" name="loginByFacebook" time="0.024"/>
  <testcase classname="day44.LoginTest" name="loginBytwitter" time="0.021"/>
</testsuite> <!-- Default test -->
