<?xml version="1.0" encoding="UTF-8"?>
<!-- Generated by org.testng.reporters.JUnitXMLReporter -->
<testsuite ignored="0" hostname="CHANDU" failures="0" tests="3" name="groupingtests" time="1.509" errors="0" timestamp="2024-09-19T20:02:59 IST">
  <testcase classname="day44.LoginTest" name="loginByEmail" time="0.147"/>
  <testcase classname="day44.LoginTest" name="loginByFacebook" time="0.03"/>
  <testcase classname="day44.LoginTest" name="loginBytwitter" time="0.08"/>
</testsuite> <!-- groupingtests -->
