<?xml version="1.0" encoding="UTF-8"?>
<testsuite xmlns:xsi="http://www.w3.org/2001/XMLSchema-instance" xsi:noNamespaceSchemaLocation="https://maven.apache.org/surefire/maven-surefire-plugin/xsd/surefire-test-report.xsd" name="TestSuite" time="12.2" tests="3" errors="0" skipped="0" failures="0">
  <properties>
[...]
</properties>
  <testcase name="loginByEmail" classname="day44.LoginTest" time="0.078"/>
  <testcase name="loginByFacebook" classname="day44.LoginTest" time="0.017"/>
  <testcase name="loginBytwitter" classname="day44.LoginTest" time="0.02"/>
</testsuite>