<?xml version="1.0" encoding="UTF-8"?>
<testng-results ignored="0" total="3" passed="3" failed="0" skipped="0">
  <reporter-output>
  </reporter-output>
  <suite started-at="2024-09-20T12:38:37 IST" name="Default suite" finished-at="2024-09-20T12:38:38 IST" duration-ms="1172">
    <groups>
      <group name="sanity">
        <method signature="LoginTest.loginByEmail()[pri:1, instance:day44.LoginTest@3590fc5b]" name="loginByEmail" class="day44.LoginTest"/>
        <method signature="LoginTest.loginByFacebook()[pri:2, instance:day44.LoginTest@3590fc5b]" name="loginByFacebook" class="day44.LoginTest"/>
        <method signature="LoginTest.loginBytwitter()[pri:3, instance:day44.LoginTest@3590fc5b]" name="loginBytwitter" class="day44.LoginTest"/>
      </group> <!-- sanity -->
    </groups>
    <test started-at="2024-09-20T12:38:37 IST" name="Default test" finished-at="2024-09-20T12:38:38 IST" duration-ms="1172">
      <class name="day44.LoginTest">
        <test-method signature="loginByEmail()[pri:1, instance:day44.LoginTest@3590fc5b]" started-at="2024-09-20T12:38:38 IST" name="loginByEmail" finished-at="2024-09-20T12:38:38 IST" duration-ms="179" status="PASS">
          <reporter-output>
          </reporter-output>
        </test-method> <!-- loginByEmail -->
        <test-method signature="loginByFacebook()[pri:2, instance:day44.LoginTest@3590fc5b]" started-at="2024-09-20T12:38:38 IST" name="loginByFacebook" finished-at="2024-09-20T12:38:38 IST" duration-ms="24" status="PASS">
          <reporter-output>
          </reporter-output>
        </test-method> <!-- loginByFacebook -->
        <test-method signature="loginBytwitter()[pri:3, instance:day44.LoginTest@3590fc5b]" started-at="2024-09-20T12:38:38 IST" name="loginBytwitter" finished-at="2024-09-20T12:38:38 IST" duration-ms="21" status="PASS">
          <reporter-output>
          </reporter-output>
        </test-method> <!-- loginBytwitter -->
      </class> <!-- day44.LoginTest -->
    </test> <!-- Default test -->
  </suite> <!-- Default suite -->
</testng-results>
