<?xml version="1.0" encoding="UTF-8"?>
<testng-results ignored="0" total="3" passed="3" failed="0" skipped="0">
  <reporter-output>
  </reporter-output>
  <suite started-at="2024-09-19T17:50:59 IST" name="Default suite" finished-at="2024-09-19T17:51:00 IST" duration-ms="1287">
    <groups>
      <group name="sanity">
        <method signature="LoginTest.loginByEmail()[pri:1, instance:day44.LoginTest@3590fc5b]" name="loginByEmail" class="day44.LoginTest"/>
        <method signature="LoginTest.loginByFacebook()[pri:2, instance:day44.LoginTest@3590fc5b]" name="loginByFacebook" class="day44.LoginTest"/>
        <method signature="LoginTest.loginBytwitter()[pri:3, instance:day44.LoginTest@3590fc5b]" name="loginBytwitter" class="day44.LoginTest"/>
      </group> <!-- sanity -->
    </groups>
    <test started-at="2024-09-19T17:50:59 IST" name="Default test" finished-at="2024-09-19T17:51:00 IST" duration-ms="1287">
      <class name="day44.LoginTest">
        <test-method signature="loginByEmail()[pri:1, instance:day44.LoginTest@3590fc5b]" started-at="2024-09-19T17:50:59 IST" name="loginByEmail" finished-at="2024-09-19T17:51:00 IST" duration-ms="942" status="PASS">
          <reporter-output>
          </reporter-output>
        </test-method> <!-- loginByEmail -->
        <test-method signature="loginByFacebook()[pri:2, instance:day44.LoginTest@3590fc5b]" started-at="2024-09-19T17:51:00 IST" name="loginByFacebook" finished-at="2024-09-19T17:51:00 IST" duration-ms="7" status="PASS">
          <reporter-output>
          </reporter-output>
        </test-method> <!-- loginByFacebook -->
        <test-method signature="loginBytwitter()[pri:3, instance:day44.LoginTest@3590fc5b]" started-at="2024-09-19T17:51:00 IST" name="loginBytwitter" finished-at="2024-09-19T17:51:00 IST" duration-ms="7" status="PASS">
          <reporter-output>
          </reporter-output>
        </test-method> <!-- loginBytwitter -->
      </class> <!-- day44.LoginTest -->
    </test> <!-- Default test -->
  </suite> <!-- Default suite -->
</testng-results>
